#
# There is insufficient memory for the Java Runtime Environment to continue.
# Native memory allocation (mmap) failed to map 67108864 bytes for Failed to commit area from 0x00000000c1c00000 to 0x00000000c5c00000 of length 67108864.
# Possible reasons:
#   The system is out of physical RAM or swap space
#   The process is running with CompressedOops enabled, and the Java Heap may be blocking the growth of the native heap
# Possible solutions:
#   Reduce memory load on the system
#   Increase physical memory or swap space
#   Check if swap backing store is full
#   Decrease Java heap size (-Xmx/-Xms)
#   Decrease number of Java threads
#   Decrease Java thread stack sizes (-Xss)
#   Set larger code cache with -XX:ReservedCodeCacheSize=
# This output file may be truncated or incomplete.
#
#  Out of Memory Error (./src/hotspot/os/windows/os_windows.cpp:3303), pid=14792, tid=21032
#
# JRE version:  (11.0.8+10) (build )
# Java VM: OpenJDK 64-Bit Server VM (11.0.8+10-b944.31, mixed mode, sharing, tiered, compressed oops, g1 gc, windows-amd64)
# No core dump will be written. Minidumps are not enabled by default on client versions of Windows
#

---------------  S U M M A R Y ------------

Command Line: org.jetbrains.git4idea.http.GitAskPassApp Username for 'https://github.com': 

Host: Intel(R) Core(TM) i5-7200U CPU @ 2.50GHz, 4 cores, 3G,  Windows 10 , 64 bit Build 18362 (10.0.18362.1082)
Time: Sun Sep 27 14:44:40 2020 Oaio?aeuiay Aa?iia (eaoi) elapsed time: 0 seconds (0d 0h 0m 0s)

---------------  T H R E A D  ---------------

Current thread (0x000001914a4a1800):  JavaThread "Unknown thread" [_thread_in_vm, id=21032, stack(0x0000007d1a600000,0x0000007d1a700000)]

Stack: [0x0000007d1a600000,0x0000007d1a700000]
Native frames: (J=compiled Java code, j=interpreted, Vv=VM code, C=native code)
V  [jvm.dll+0x5de35a]
V  [jvm.dll+0x712355]
V  [jvm.dll+0x7138ad]
V  [jvm.dll+0x713f63]
V  [jvm.dll+0x23e628]
V  [jvm.dll+0x5db804]
V  [jvm.dll+0x5d0925]
V  [jvm.dll+0x2faf9b]
V  [jvm.dll+0x2faf0a]
V  [jvm.dll+0x2fade2]
V  [jvm.dll+0x2ffcb6]
V  [jvm.dll+0x3483a3]
V  [jvm.dll+0x348aa6]
V  [jvm.dll+0x3484a3]
V  [jvm.dll+0x2d5be8]
V  [jvm.dll+0x2d6d87]
V  [jvm.dll+0x6f10e7]
V  [jvm.dll+0x6f28dc]
V  [jvm.dll+0x3558f9]
V  [jvm.dll+0x6d492e]
V  [jvm.dll+0x3bdad3]
V  [jvm.dll+0x3bfd01]
C  [jli.dll+0x5373]
C  [ucrtbase.dll+0x20e82]
C  [KERNEL32.DLL+0x17bd4]
C  [ntdll.dll+0x6ce51]


---------------  P R O C E S S  ---------------

Threads class SMR info:
_java_thread_list=0x000001914a2c6250, length=0, elements={
}

Java Threads: ( => current thread )

Other Threads:
  0x000001914a4bb800 GCTaskThread "GC Thread#0" [stack: 0x0000007d1a700000,0x0000007d1a800000] [id=24712]
  0x000001914a4d8000 ConcurrentGCThread "G1 Main Marker" [stack: 0x0000007d1a800000,0x0000007d1a900000] [id=11708]
  0x000001914a4da800 ConcurrentGCThread "G1 Conc#0" [stack: 0x0000007d1a900000,0x0000007d1aa00000] [id=24476]

[error occurred during error reporting (printing all threads), id 0xc0000005, EXCEPTION_ACCESS_VIOLATION (0xc0000005) at pc=0x00007ff8d5bc60c7]

VM state:not at safepoint (not fully initialized)

VM Mutex/Monitor currently owned by a thread:  ([mutex/lock_event])
[0x000001914a4a0e20] Heap_lock - owner thread: 0x000001914a4a1800

Heap address: 0x00000000c1c00000, size: 996 MB, Compressed Oops mode: Non-zero based: 0x00000000c1c00000
Narrow klass base: 0x0000000000000000, Narrow klass shift: 0

GC Heap History (0 events):
No events

Deoptimization events (0 events):
No events

Classes redefined (0 events):
No events

Internal exceptions (0 events):
No events

Events (1 events):
Event: 0.050 Loaded shared library C:\Program Files\JetBrains\IntelliJ IDEA Community Edition 2020.2.2\jbr\bin\zip.dll


Dynamic libraries:
0x00007ff63b580000 - 0x00007ff63b58a000 	C:\Program Files\JetBrains\IntelliJ IDEA Community Edition 2020.2.2\jbr\bin\java.exe
0x00007ff919020000 - 0x00007ff919210000 	C:\WINDOWS\SYSTEM32\ntdll.dll
0x00007ff9135a0000 - 0x00007ff9135b2000 	C:\Program Files\AVAST Software\Avast\aswhook.dll
0x00007ff918d50000 - 0x00007ff918e02000 	C:\WINDOWS\System32\KERNEL32.DLL
0x00007ff916430000 - 0x00007ff9166d5000 	C:\WINDOWS\System32\KERNELBASE.dll
0x00007ff916fd0000 - 0x00007ff9170ca000 	C:\WINDOWS\System32\ucrtbase.dll
0x00007ff913150000 - 0x00007ff913169000 	C:\Program Files\JetBrains\IntelliJ IDEA Community Edition 2020.2.2\jbr\bin\jli.dll
0x00007ff9176a0000 - 0x00007ff917835000 	C:\WINDOWS\System32\USER32.dll
0x00007ff916fa0000 - 0x00007ff916fc1000 	C:\WINDOWS\System32\win32u.dll
0x00007ff9178f0000 - 0x00007ff917916000 	C:\WINDOWS\System32\GDI32.dll
0x00007ff916190000 - 0x00007ff916326000 	C:\WINDOWS\System32\gdi32full.dll
0x00007ff916700000 - 0x00007ff91679e000 	C:\WINDOWS\System32\msvcp_win.dll
0x00007ff913130000 - 0x00007ff913147000 	C:\Program Files\JetBrains\IntelliJ IDEA Community Edition 2020.2.2\jbr\bin\VCRUNTIME140.dll
0x00007ff8fcd80000 - 0x00007ff8fd004000 	C:\WINDOWS\WinSxS\amd64_microsoft.windows.common-controls_6595b64144ccf1df_6.0.18362.1082_none_9e8193e1e45b25c1\COMCTL32.dll
0x00007ff918500000 - 0x00007ff91859e000 	C:\WINDOWS\System32\msvcrt.dll
0x00007ff917920000 - 0x00007ff917c55000 	C:\WINDOWS\System32\combase.dll
0x00007ff918e10000 - 0x00007ff918f30000 	C:\WINDOWS\System32\RPCRT4.dll
0x00007ff916f20000 - 0x00007ff916fa0000 	C:\WINDOWS\System32\bcryptPrimitives.dll
0x00007ff917650000 - 0x00007ff91767e000 	C:\WINDOWS\System32\IMM32.DLL
0x00007ff8f8a80000 - 0x00007ff8f8b1d000 	C:\Program Files\JetBrains\IntelliJ IDEA Community Edition 2020.2.2\jbr\bin\msvcp140.dll
0x00007ff8d58e0000 - 0x00007ff8d639d000 	C:\Program Files\JetBrains\IntelliJ IDEA Community Edition 2020.2.2\jbr\bin\server\jvm.dll
0x00007ff918f30000 - 0x00007ff918fd3000 	C:\WINDOWS\System32\ADVAPI32.dll
0x00007ff918960000 - 0x00007ff9189f7000 	C:\WINDOWS\System32\sechost.dll
0x00007ff9170d0000 - 0x00007ff9170d8000 	C:\WINDOWS\System32\PSAPI.DLL
0x00007ff902500000 - 0x00007ff902509000 	C:\WINDOWS\SYSTEM32\WSOCK32.dll
0x00007ff9185a0000 - 0x00007ff91860f000 	C:\WINDOWS\System32\WS2_32.dll
0x00007ff9135f0000 - 0x00007ff913614000 	C:\WINDOWS\SYSTEM32\WINMM.dll
0x00007ff90b680000 - 0x00007ff90b68a000 	C:\WINDOWS\SYSTEM32\VERSION.dll
0x00007ff9135c0000 - 0x00007ff9135ed000 	C:\WINDOWS\SYSTEM32\WINMMBASE.dll
0x00007ff9163e0000 - 0x00007ff91642a000 	C:\WINDOWS\System32\cfgmgr32.dll
0x00007ff915f90000 - 0x00007ff915fa1000 	C:\WINDOWS\System32\kernel.appcore.dll
0x00007ff912f00000 - 0x00007ff912f11000 	C:\Program Files\JetBrains\IntelliJ IDEA Community Edition 2020.2.2\jbr\bin\verify.dll
0x00007ff9147a0000 - 0x00007ff914994000 	C:\WINDOWS\SYSTEM32\DBGHELP.DLL
0x00007ff907cc0000 - 0x00007ff907cea000 	C:\WINDOWS\SYSTEM32\dbgcore.DLL
0x00007ff90f6d0000 - 0x00007ff90f6f9000 	C:\Program Files\JetBrains\IntelliJ IDEA Community Edition 2020.2.2\jbr\bin\java.dll
0x00007ff911f90000 - 0x00007ff911f9b000 	C:\Program Files\JetBrains\IntelliJ IDEA Community Edition 2020.2.2\jbr\bin\jimage.dll
0x00007ff9106d0000 - 0x00007ff9106e8000 	C:\Program Files\JetBrains\IntelliJ IDEA Community Edition 2020.2.2\jbr\bin\zip.dll

dbghelp: loaded successfully - version: 4.0.5 - missing functions: none
symbol engine: initialized successfully - sym options: 0x614 - pdb path: .;C:\Program Files\JetBrains\IntelliJ IDEA Community Edition 2020.2.2\jbr\bin;C:\WINDOWS\SYSTEM32;C:\Program Files\AVAST Software\Avast;C:\WINDOWS\WinSxS\amd64_microsoft.windows.common-controls_6595b64144ccf1df_6.0.18362.1082_none_9e8193e1e45b25c1;C:\Program Files\JetBrains\IntelliJ IDEA Community Edition 2020.2.2\jbr\bin\server

VM Arguments:
java_command: org.jetbrains.git4idea.http.GitAskPassApp Username for 'https://github.com': 
java_class_path (initial): C:/Program Files/JetBrains/IntelliJ IDEA Community Edition 2020.2.2/plugins/git4idea/lib/git4idea-rt.jar;C:/Program Files/JetBrains/IntelliJ IDEA Community Edition 2020.2.2/lib/xmlrpc-2.0.1.jar;C:/Program Files/JetBrains/IntelliJ IDEA Community Edition 2020.2.2/lib/commons-codec-1.14.jar
Launcher Type: SUN_STANDARD

[Global flags]
     intx CICompilerCount                          = 3                                         {product} {ergonomic}
     uint ConcGCThreads                            = 1                                         {product} {ergonomic}
     uint G1ConcRefinementThreads                  = 4                                         {product} {ergonomic}
   size_t G1HeapRegionSize                         = 1048576                                   {product} {ergonomic}
    uintx GCDrainStackTargetSize                   = 64                                        {product} {ergonomic}
   size_t InitialHeapSize                          = 67108864                                  {product} {ergonomic}
   size_t MarkStackSize                            = 4194304                                   {product} {ergonomic}
   size_t MaxHeapSize                              = 1044381696                                {product} {ergonomic}
   size_t MinHeapDeltaBytes                        = 1048576                                   {product} {ergonomic}
    uintx NonNMethodCodeHeapSize                   = 5830732                                {pd product} {ergonomic}
    uintx NonProfiledCodeHeapSize                  = 122913754                              {pd product} {ergonomic}
    uintx ProfiledCodeHeapSize                     = 122913754                              {pd product} {ergonomic}
    uintx ReservedCodeCacheSize                    = 251658240                              {pd product} {ergonomic}
     bool SegmentedCodeCache                       = true                                      {product} {ergonomic}
     bool UseCompressedClassPointers               = true                                 {lp64_product} {ergonomic}
     bool UseCompressedOops                        = true                                 {lp64_product} {ergonomic}
     bool UseG1GC                                  = true                                      {product} {ergonomic}
     bool UseLargePagesIndividualAllocation        = false                                  {pd product} {ergonomic}

Logging:
Log output configuration:
 #0: stdout all=warning uptime,level,tags
 #1: stderr all=off uptime,level,tags

Environment Variables:
PATH=C:/Program Files/Git/mingw64/libexec/git-core;C:/Program Files/Git/mingw64/libexec/git-core;C:\Program Files\Git\mingw64\bin;C:\Program Files\Git\usr\bin;C:\Users\ASUS\bin;C:\Program Files (x86)\Common Files\Oracle\Java\javapath;C:\app\ASUS\product\11.2.0\dbhome_4\bin;C:\app\ASUS\product\11.2.0\dbhome_3\bin;C:\app\ASUS\product\11.2.0\dbhome_2\bin;C:\app\ASUS\product\11.2.0\dbhome_1\bin;C:\Program Files (x86)\Intel\iCLS Client\;C:\Program Files\Intel\iCLS Client\;C:\Windows\system32;C:\Windows;C:\Windows\System32\Wbem;C:\Windows\System32\WindowsPowerShell\v1.0\;C:\Program Files (x86)\Intel\Intel(R) Management Engine Components\DAL;C:\Program Files\Intel\Intel(R) Management Engine Components\DAL;C:\Program Files (x86)\Intel\Intel(R) Management Engine Components\IPT;C:\Program Files\Intel\Intel(R) Management Engine Components\IPT;C:\Program Files (x86)\NVIDIA Corporation\PhysX\Common;C:\Program Files\dotnet\;C:\Program Files\Microsoft SQL Server\130\Tools\Binn\;C:\WINDOWS\system32;C:\WINDOWS;C:\WINDOWS\System32\Wbem;C:\WINDOWS\System32\WindowsPowerShell\v1.0\;C:\WINDOWS\System32\OpenSSH\;C:\Program Files\Intel\WiFi\bin\;C:\Program Files\Common Files\Intel\WirelessCommon\;C:\Program Files\SASHome\x86\Secure\ccme4;C:\Program Files\PuTTY\;C:\Program Files (x86)\LyX 2.3\Perl\bin;C:\Program Files\Git\cmd;C:\Users\ASUS\AppData\Local\Microsoft\WindowsApps;C:\MinGW\bin;C:\Users\ASUS\AppData\Local\Programs\Microsoft VS Code\bin;C:\texlive\2020\bin\win32;C:\Users\ASUS\AppData\Local\GitHubDesktop\bin
USERNAME=ASUS
DISPLAY=:0.0
LC_ALL=en_US.UTF-8
OS=Windows_NT
PROCESSOR_IDENTIFIER=Intel64 Family 6 Model 142 Stepping 9, GenuineIntel



---------------  S Y S T E M  ---------------

OS: Windows 10 , 64 bit Build 18362 (10.0.18362.1082)
OS uptime: 14 days 6:43 hours

CPU:total 4 (initial active 4) (2 cores per cpu, 2 threads per core) family 6 model 142 stepping 9, cmov, cx8, fxsr, mmx, sse, sse2, sse3, ssse3, sse4.1, sse4.2, popcnt, avx, avx2, aes, clmul, erms, 3dnowpref, lzcnt, ht, tsc, tscinvbit, bmi1, bmi2, adx, fma

Memory: 4k page, system-wide physical 3982M (237M free)
TotalPageFile size 12174M (AvailPageFile size 17M)
current process WorkingSet (physical memory assigned to process): 10M, peak: 10M
current process commit charge ("private bytes"): 51M, peak: 115M

vm_info: OpenJDK 64-Bit Server VM (11.0.8+10-b944.31) for windows-amd64 JRE (11.0.8+10-b944.31), built on Aug  6 2020 12:27:04 by "" with MS VC++ 14.0 (VS2015)

END.
