#
# There is insufficient memory for the Java Runtime Environment to continue.
# Native memory allocation (malloc) failed to allocate 32744 bytes for ChunkPool::allocate
# Possible reasons:
#   The system is out of physical RAM or swap space
#   In 32 bit mode, the process size limit was hit
# Possible solutions:
#   Reduce memory load on the system
#   Increase physical memory or swap space
#   Check if swap backing store is full
#   Use 64 bit Java on a 64 bit OS
#   Decrease Java heap size (-Xmx/-Xms)
#   Decrease number of Java threads
#   Decrease Java thread stack sizes (-Xss)
#   Set larger code cache with -XX:ReservedCodeCacheSize=
# This output file may be truncated or incomplete.
#
#  Out of Memory Error (allocation.cpp:273), pid=21264, tid=0x00000000000027b4
#
# JRE version: Java(TM) SE Runtime Environment (8.0_152-b16) (build 1.8.0_152-b16)
# Java VM: Java HotSpot(TM) 64-Bit Server VM (25.152-b16 mixed mode windows-amd64 compressed oops)
# Failed to write core dump. Minidumps are not enabled by default on client versions of Windows
#

---------------  T H R E A D  ---------------

Current thread (0x0000000016964000):  JavaThread "C1 CompilerThread2" daemon [_thread_in_native, id=10164, stack(0x0000000016fb0000,0x00000000170b0000)]

Stack: [0x0000000016fb0000,0x00000000170b0000]
[error occurred during error reporting (printing stack bounds), id 0xc0000005]

Native frames: (J=compiled Java code, j=interpreted, Vv=VM code, C=native code)


Current CompileTask:
C1:    331   27  s    3       java.lang.StringBuffer::append (13 bytes)


---------------  P R O C E S S  ---------------

Java Threads: ( => current thread )
  0x0000000016969800 JavaThread "Service Thread" daemon [_thread_blocked, id=18048, stack(0x00000000170b0000,0x00000000171b0000)]
=>0x0000000016964000 JavaThread "C1 CompilerThread2" daemon [_thread_in_native, id=10164, stack(0x0000000016fb0000,0x00000000170b0000)]
  0x00000000168e8000 JavaThread "C2 CompilerThread1" daemon [_thread_blocked, id=15856, stack(0x0000000016eb0000,0x0000000016fb0000)]
  0x00000000168e7000 JavaThread "C2 CompilerThread0" daemon [_thread_blocked, id=15652, stack(0x0000000016db0000,0x0000000016eb0000)]
  0x00000000168e4000 JavaThread "Monitor Ctrl-Break" daemon [_thread_in_native, id=9012, stack(0x0000000016cb0000,0x0000000016db0000)]
  0x0000000015258000 JavaThread "Attach Listener" daemon [_thread_blocked, id=22340, stack(0x00000000167b0000,0x00000000168b0000)]
  0x0000000015256800 JavaThread "Signal Dispatcher" daemon [_thread_blocked, id=20264, stack(0x00000000166b0000,0x00000000167b0000)]
  0x000000001523e800 JavaThread "Finalizer" daemon [_thread_blocked, id=10248, stack(0x00000000164a0000,0x00000000165a0000)]
  0x0000000002c73000 JavaThread "Reference Handler" daemon [_thread_blocked, id=25868, stack(0x00000000163a0000,0x00000000164a0000)]
  0x0000000002b82800 JavaThread "main" [_thread_in_Java, id=25460, stack(0x0000000002840000,0x0000000002940000)]

Other Threads:
  0x0000000015217000 VMThread [stack: 0x00000000162a0000,0x00000000163a0000] [id=22424]
  0x00000000169d1800 WatcherThread [stack: 0x0000000017300000,0x0000000017400000] [id=22344]

VM state:not at safepoint (normal execution)

VM Mutex/Monitor currently owned by a thread: None

Heap:
 PSYoungGen      total 18944K, used 2012K [0x00000000eb400000, 0x00000000ec900000, 0x0000000100000000)
  eden space 16384K, 12% used [0x00000000eb400000,0x00000000eb5f72f0,0x00000000ec400000)
  from space 2560K, 0% used [0x00000000ec680000,0x00000000ec680000,0x00000000ec900000)
  to   space 2560K, 0% used [0x00000000ec400000,0x00000000ec400000,0x00000000ec680000)
 ParOldGen       total 44032K, used 0K [0x00000000c1c00000, 0x00000000c4700000, 0x00000000eb400000)
  object space 44032K, 0% used [0x00000000c1c00000,0x00000000c1c00000,0x00000000c4700000)
 Metaspace       used 3344K, capacity 4500K, committed 4864K, reserved 1056768K
  class space    used 368K, capacity 388K, committed 512K, reserved 1048576K

Card table byte_map: [0x0000000012040000,0x0000000012240000] byte_map_base: 0x0000000011a32000

Marking Bits: (ParMarkBitMap*) 0x000000006a9e0860
 Begin Bits: [0x0000000012790000, 0x0000000013720000)
 End Bits:   [0x0000000013720000, 0x00000000146b0000)

Polling page: 0x0000000000f90000

CodeCache: size=245760Kb used=1115Kb max_used=1126Kb free=244644Kb
 bounds [0x0000000002c80000, 0x0000000002ef0000, 0x0000000011c80000]
 total_blobs=281 nmethods=27 adapters=167
 compilation: enabled

Compilation events (10 events):
Event: 0.319 Thread 0x0000000016964000 nmethod 16 0x0000000002d94250 code [0x0000000002d943c0, 0x0000000002d945c8]
Event: 0.319 Thread 0x0000000016964000   18       3       java.lang.String::<init> (82 bytes)
Event: 0.319 Thread 0x0000000016964000 nmethod 18 0x0000000002d94650 code [0x0000000002d94820, 0x0000000002d94d18]
Event: 0.325 Thread 0x00000000168e8000   23       4       java.lang.AbstractStringBuilder::ensureCapacityInternal (27 bytes)
Event: 0.325 Thread 0x00000000168e7000   24       4       java.lang.AbstractStringBuilder::append (29 bytes)
Event: 0.326 Thread 0x0000000016964000   25       3       java.io.WinNTFileSystem::isSlash (18 bytes)
Event: 0.326 Thread 0x0000000016964000 nmethod 25 0x0000000002d95710 code [0x0000000002d95860, 0x0000000002d95a50]
Event: 0.326 Thread 0x0000000016964000   26       3       java.io.WinNTFileSystem::isLetter (30 bytes)
Event: 0.326 Thread 0x0000000016964000 nmethod 26 0x0000000002d95ad0 code [0x0000000002d95c40, 0x0000000002d95e90]
Event: 0.326 Thread 0x0000000016964000   27  s    3       java.lang.StringBuffer::append (13 bytes)

GC Heap History (0 events):
No events

Deoptimization events (0 events):
No events

Classes redefined (0 events):
No events

Internal exceptions (3 events):
Event: 0.069 Thread 0x0000000002b82800 Exception <a 'java/lang/NoSuchMethodError': Method sun.misc.Unsafe.defineClass(Ljava/lang/String;[BII)Ljava/lang/Class; name or signature does not match> (0x00000000eb407ca8) thrown at [C:\re\workspace\8-2-build-windows-amd64-cygwin\jdk8u152\9742\hotspot\
Event: 0.070 Thread 0x0000000002b82800 Exception <a 'java/lang/NoSuchMethodError': Method sun.misc.Unsafe.prefetchRead(Ljava/lang/Object;J)V name or signature does not match> (0x00000000eb407f90) thrown at [C:\re\workspace\8-2-build-windows-amd64-cygwin\jdk8u152\9742\hotspot\src\share\vm\prims
Event: 0.316 Thread 0x0000000002b82800 Exception <a 'java/io/FileNotFoundException'> (0x00000000eb5b47e0) thrown at [C:\re\workspace\8-2-build-windows-amd64-cygwin\jdk8u152\9742\hotspot\src\share\vm\prims\jni.cpp, line 709]

Events (10 events):
Event: 0.318 loading class java/util/ArrayList$Itr
Event: 0.318 loading class java/util/ArrayList$Itr done
Event: 0.319 loading class sun/net/NetHooks
Event: 0.319 loading class sun/net/NetHooks done
Event: 0.321 loading class java/net/Socket$2
Event: 0.321 loading class java/net/Socket$2 done
Event: 0.321 loading class java/net/SocketInputStream
Event: 0.321 loading class java/net/SocketInputStream done
Event: 0.322 loading class sun/nio/cs/US_ASCII$Decoder
Event: 0.323 loading class sun/nio/cs/US_ASCII$Decoder done


Dynamic libraries:
0x00007ff6b8270000 - 0x00007ff6b82a7000 	C:\Program Files\Java\jdk1.8.0_152\bin\java.exe
0x00007ff919020000 - 0x00007ff919210000 	C:\WINDOWS\SYSTEM32\ntdll.dll
0x00007ff9135a0000 - 0x00007ff9135b2000 	C:\Program Files\AVAST Software\Avast\aswhook.dll
0x00007ff918d50000 - 0x00007ff918e02000 	C:\WINDOWS\System32\KERNEL32.DLL
0x00007ff916430000 - 0x00007ff9166d5000 	C:\WINDOWS\System32\KERNELBASE.dll
0x00007ff918f30000 - 0x00007ff918fd3000 	C:\WINDOWS\System32\ADVAPI32.dll
0x00007ff918500000 - 0x00007ff91859e000 	C:\WINDOWS\System32\msvcrt.dll
0x00007ff918960000 - 0x00007ff9189f7000 	C:\WINDOWS\System32\sechost.dll
0x00007ff918e10000 - 0x00007ff918f30000 	C:\WINDOWS\System32\RPCRT4.dll
0x00007ff9176a0000 - 0x00007ff917835000 	C:\WINDOWS\System32\USER32.dll
0x00007ff916fa0000 - 0x00007ff916fc1000 	C:\WINDOWS\System32\win32u.dll
0x00007ff9178f0000 - 0x00007ff917916000 	C:\WINDOWS\System32\GDI32.dll
0x00007ff916190000 - 0x00007ff916326000 	C:\WINDOWS\System32\gdi32full.dll
0x00007ff916700000 - 0x00007ff91679e000 	C:\WINDOWS\System32\msvcp_win.dll
0x00007ff916fd0000 - 0x00007ff9170ca000 	C:\WINDOWS\System32\ucrtbase.dll
0x00007ff8fcd80000 - 0x00007ff8fd004000 	C:\WINDOWS\WinSxS\amd64_microsoft.windows.common-controls_6595b64144ccf1df_6.0.18362.1082_none_9e8193e1e45b25c1\COMCTL32.dll
0x00007ff917920000 - 0x00007ff917c55000 	C:\WINDOWS\System32\combase.dll
0x00007ff916f20000 - 0x00007ff916fa0000 	C:\WINDOWS\System32\bcryptPrimitives.dll
0x00007ff917650000 - 0x00007ff91767e000 	C:\WINDOWS\System32\IMM32.DLL
0x000000006cf10000 - 0x000000006cfe2000 	C:\Program Files\Java\jdk1.8.0_152\jre\bin\msvcr100.dll
0x000000006a1c0000 - 0x000000006aa60000 	C:\Program Files\Java\jdk1.8.0_152\jre\bin\server\jvm.dll
0x00007ff9170d0000 - 0x00007ff9170d8000 	C:\WINDOWS\System32\PSAPI.DLL
0x00007ff902500000 - 0x00007ff902509000 	C:\WINDOWS\SYSTEM32\WSOCK32.dll
0x00007ff9185a0000 - 0x00007ff91860f000 	C:\WINDOWS\System32\WS2_32.dll
0x00007ff9135f0000 - 0x00007ff913614000 	C:\WINDOWS\SYSTEM32\WINMM.dll
0x00007ff90b680000 - 0x00007ff90b68a000 	C:\WINDOWS\SYSTEM32\VERSION.dll
0x00007ff9135c0000 - 0x00007ff9135ed000 	C:\WINDOWS\SYSTEM32\WINMMBASE.dll
0x00007ff9163e0000 - 0x00007ff91642a000 	C:\WINDOWS\System32\cfgmgr32.dll
0x000000006cf00000 - 0x000000006cf0f000 	C:\Program Files\Java\jdk1.8.0_152\jre\bin\verify.dll
0x000000006ced0000 - 0x000000006cef9000 	C:\Program Files\Java\jdk1.8.0_152\jre\bin\java.dll
0x000000006ce80000 - 0x000000006cea3000 	C:\Program Files\Java\jdk1.8.0_152\jre\bin\instrument.dll
0x000000006ceb0000 - 0x000000006cec6000 	C:\Program Files\Java\jdk1.8.0_152\jre\bin\zip.dll
0x00007ff917e10000 - 0x00007ff9184f7000 	C:\WINDOWS\System32\SHELL32.dll
0x00007ff917840000 - 0x00007ff9178e9000 	C:\WINDOWS\System32\shcore.dll
0x00007ff9167a0000 - 0x00007ff916f20000 	C:\WINDOWS\System32\windows.storage.dll
0x00007ff915f60000 - 0x00007ff915f83000 	C:\WINDOWS\System32\profapi.dll
0x00007ff915f10000 - 0x00007ff915f5a000 	C:\WINDOWS\System32\powrprof.dll
0x00007ff915ee0000 - 0x00007ff915ef0000 	C:\WINDOWS\System32\UMPDC.dll
0x00007ff917db0000 - 0x00007ff917e02000 	C:\WINDOWS\System32\shlwapi.dll
0x00007ff915f90000 - 0x00007ff915fa1000 	C:\WINDOWS\System32\kernel.appcore.dll
0x00007ff9166e0000 - 0x00007ff9166f7000 	C:\WINDOWS\System32\cryptsp.dll
0x00007ff90bd40000 - 0x00007ff90bd5a000 	C:\Program Files\JetBrains\IntelliJ IDEA Community Edition 2020.2.2\bin\breakgen64.dll
0x000000006ce60000 - 0x000000006ce7a000 	C:\Program Files\Java\jdk1.8.0_152\jre\bin\net.dll
0x00007ff915730000 - 0x00007ff915797000 	C:\WINDOWS\system32\mswsock.dll

VM Arguments:
jvm_args: -javaagent:C:\Program Files\JetBrains\IntelliJ IDEA Community Edition 2020.2.2\lib\idea_rt.jar=55239:C:\Program Files\JetBrains\IntelliJ IDEA Community Edition 2020.2.2\bin -Dfile.encoding=UTF-8 
java_command: homework2
java_class_path (initial): C:\Program Files\Java\jdk1.8.0_152\jre\lib\charsets.jar;C:\Program Files\Java\jdk1.8.0_152\jre\lib\deploy.jar;C:\Program Files\Java\jdk1.8.0_152\jre\lib\ext\access-bridge-64.jar;C:\Program Files\Java\jdk1.8.0_152\jre\lib\ext\cldrdata.jar;C:\Program Files\Java\jdk1.8.0_152\jre\lib\ext\dnsns.jar;C:\Program Files\Java\jdk1.8.0_152\jre\lib\ext\jaccess.jar;C:\Program Files\Java\jdk1.8.0_152\jre\lib\ext\jfxrt.jar;C:\Program Files\Java\jdk1.8.0_152\jre\lib\ext\localedata.jar;C:\Program Files\Java\jdk1.8.0_152\jre\lib\ext\nashorn.jar;C:\Program Files\Java\jdk1.8.0_152\jre\lib\ext\sunec.jar;C:\Program Files\Java\jdk1.8.0_152\jre\lib\ext\sunjce_provider.jar;C:\Program Files\Java\jdk1.8.0_152\jre\lib\ext\sunmscapi.jar;C:\Program Files\Java\jdk1.8.0_152\jre\lib\ext\sunpkcs11.jar;C:\Program Files\Java\jdk1.8.0_152\jre\lib\ext\zipfs.jar;C:\Program Files\Java\jdk1.8.0_152\jre\lib\javaws.jar;C:\Program Files\Java\jdk1.8.0_152\jre\lib\jce.jar;C:\Program Files\Java\jdk1.8.0_152\jre\lib\jfr.jar;C:\Program Files\Java\jdk1.8.0_152\jre\lib\jfxswt.jar;C:\Program Files\Java\jdk1.8.0_152\jre\lib\jsse.jar;C:\Program Files\Java\jdk1.8.0_152\jre\lib\management-agent.jar;C:\Program Files\Java\jdk1.8.0_152\jre\lib\plugin.jar;C:\Program Files\Java\jdk1.8.0_152\jre\lib\resources.jar;C:\Program Files\Java\jdk1.8.0_152\jre\lib\rt.jar;C:\Users\ASUS\IdeaProjects\gb\out\production\gb;C:\Program Files\JetBrains\IntelliJ IDEA Community Edition 2020.2.2\lib\idea_rt.jar
Launcher Type: SUN_STANDARD

Environment Variables:
PATH=C:\Program Files (x86)\Common Files\Oracle\Java\javapath;C:\app\ASUS\product\11.2.0\dbhome_4\bin;C:\app\ASUS\product\11.2.0\dbhome_3\bin;C:\app\ASUS\product\11.2.0\dbhome_2\bin;C:\app\ASUS\product\11.2.0\dbhome_1\bin;C:\Program Files (x86)\Intel\iCLS Client\;C:\Program Files\Intel\iCLS Client\;C:\Windows\system32;C:\Windows;C:\Windows\System32\Wbem;C:\Windows\System32\WindowsPowerShell\v1.0\;C:\Program Files (x86)\Intel\Intel(R) Management Engine Components\DAL;C:\Program Files\Intel\Intel(R) Management Engine Components\DAL;C:\Program Files (x86)\Intel\Intel(R) Management Engine Components\IPT;C:\Program Files\Intel\Intel(R) Management Engine Components\IPT;C:\Program Files (x86)\NVIDIA Corporation\PhysX\Common;C:\Program Files\dotnet\;C:\Program Files\Microsoft SQL Server\130\Tools\Binn\;C:\WINDOWS\system32;C:\WINDOWS;C:\WINDOWS\System32\Wbem;C:\WINDOWS\System32\WindowsPowerShell\v1.0\;C:\WINDOWS\System32\OpenSSH\;C:\Program Files\Intel\WiFi\bin\;C:\Program Files\Common Files\Intel\WirelessCommon\;C:\Program Files\SASHome\x86\Secure\ccme4;C:\Program Files\PuTTY\;C:\Program Files (x86)\LyX 2.3\Perl\bin;C:\Program Files\Git\cmd;C:\Users\ASUS\AppData\Local\Microsoft\WindowsApps;C:\MinGW\bin;C:\Users\ASUS\AppData\Local\Programs\Microsoft VS Code\bin;C:\texlive\2020\bin\win32;C:\Users\ASUS\AppData\Local\GitHubDesktop\bin
USERNAME=ASUS
OS=Windows_NT
PROCESSOR_IDENTIFIER=Intel64 Family 6 Model 142 Stepping 9, GenuineIntel



---------------  S Y S T E M  ---------------

OS: Windows 10.0 , 64 bit Build 18362 (10.0.18362.1082)

CPU:total 4 (initial active 4) (2 cores per cpu, 2 threads per core) family 6 model 142 stepping 9, cmov, cx8, fxsr, mmx, sse, sse2, sse3, ssse3, sse4.1, sse4.2, popcnt, avx, avx2, aes, clmul, erms, 3dnowpref, lzcnt, ht, tsc, tscinvbit, bmi1, bmi2, adx

Memory: 4k page, physical 4078292k(202148k free), swap 12466900k(396k free)

vm_info: Java HotSpot(TM) 64-Bit Server VM (25.152-b16) for windows-amd64 JRE (1.8.0_152-b16), built on Sep 14 2017 02:29:36 by "java_re" with MS VC++ 10.0 (VS2010)

time: Wed Sep 30 19:35:43 2020
elapsed time: 0 seconds (0d 0h 0m 0s)

